info: ::1 - - [29/Aug/2022:17:13:45 +0000] "GET / HTTP/1.1" 404 47 "-" "Mozilla/5.0 (Windows NT 10.0; Win64; x64) AppleWebKit/537.36 (KHTML, like Gecko) Chrome/104.0.0.0 Safari/537.36"

info: ::1 - - [29/Aug/2022:17:13:46 +0000] "GET /favicon.ico HTTP/1.1" 404 47 "-" "Mozilla/5.0 (Windows NT 10.0; Win64; x64) AppleWebKit/537.36 (KHTML, like Gecko) Chrome/104.0.0.0 Safari/537.36"

info: ::1 - - [29/Aug/2022:17:13:58 +0000] "GET / HTTP/1.1" 404 47 "-" "Mozilla/5.0 (Windows NT 10.0; Win64; x64) AppleWebKit/537.36 (KHTML, like Gecko) Chrome/104.0.0.0 Safari/537.36"

info: ::1 - - [29/Aug/2022:17:14:13 +0000] "GET /login HTTP/1.1" 404 47 "-" "Mozilla/5.0 (Windows NT 10.0; Win64; x64) AppleWebKit/537.36 (KHTML, like Gecko) Chrome/104.0.0.0 Safari/537.36"

info: ::1 - - [29/Aug/2022:17:15:59 +0000] "POST /api/v1/login HTTP/1.1" 404 47 "-" "PostmanRuntime/7.29.2"

info: ::1 - - [29/Aug/2022:17:16:21 +0000] "GET /api/v1 HTTP/1.1" 200 9 "-" "PostmanRuntime/7.29.2"

info: ::1 - - [29/Aug/2022:17:26:21 +0000] "POST /api/v1/login HTTP/1.1" 404 47 "-" "PostmanRuntime/7.29.2"

info: ::1 - - [29/Aug/2022:17:27:19 +0000] "POST /api/v1/ HTTP/1.1" 404 47 "-" "PostmanRuntime/7.29.2"

info: ::1 - - [29/Aug/2022:17:27:24 +0000] "POST /api/v1 HTTP/1.1" 404 47 "-" "PostmanRuntime/7.29.2"

info: ::1 - - [29/Aug/2022:17:27:55 +0000] "POST /v1/ HTTP/1.1" 404 47 "-" "PostmanRuntime/7.29.2"

info: ::1 - - [29/Aug/2022:17:28:00 +0000] "POST /v1 HTTP/1.1" 404 47 "-" "PostmanRuntime/7.29.2"

info: ::1 - - [29/Aug/2022:17:30:16 +0000] "POST /api/v1/ HTTP/1.1" 404 47 "-" "PostmanRuntime/7.29.2"

info: ::1 - - [29/Aug/2022:17:30:18 +0000] "POST /api/v1/ HTTP/1.1" 404 47 "-" "PostmanRuntime/7.29.2"

info: ::1 - - [29/Aug/2022:17:32:49 +0000] "GET /api/v1/ HTTP/1.1" 200 9 "-" "Mozilla/5.0 (Windows NT 10.0; Win64; x64) AppleWebKit/537.36 (KHTML, like Gecko) Chrome/104.0.0.0 Safari/537.36"

info: ::1 - - [29/Aug/2022:17:33:02 +0000] "POST /api/v1/ HTTP/1.1" 404 47 "-" "PostmanRuntime/7.29.2"

info: ::1 - - [29/Aug/2022:17:33:10 +0000] "POST /api/v1 HTTP/1.1" 404 47 "-" "PostmanRuntime/7.29.2"

info: ::1 - - [29/Aug/2022:17:33:48 +0000] "POST /api/v1/login HTTP/1.1" 404 47 "-" "PostmanRuntime/7.29.2"

info: ::1 - - [29/Aug/2022:17:33:59 +0000] "GET /api/v1/login HTTP/1.1" 404 47 "-" "Mozilla/5.0 (Windows NT 10.0; Win64; x64) AppleWebKit/537.36 (KHTML, like Gecko) Chrome/104.0.0.0 Safari/537.36"

info: ::1 - - [29/Aug/2022:17:36:04 +0000] "POST /api/v1/login HTTP/1.1" 404 47 "-" "PostmanRuntime/7.29.2"

info: ::1 - - [29/Aug/2022:17:39:42 +0000] "POST /api/v1/login HTTP/1.1" 404 47 "-" "PostmanRuntime/7.29.2"

info: ::1 - - [29/Aug/2022:17:39:43 +0000] "POST /api/v1/login HTTP/1.1" 404 47 "-" "PostmanRuntime/7.29.2"

info: ::1 - - [29/Aug/2022:17:40:07 +0000] "POST /api/v1/ HTTP/1.1" 404 47 "-" "PostmanRuntime/7.29.2"

info: ::1 - - [29/Aug/2022:17:40:14 +0000] "POST /api/v1/login HTTP/1.1" 404 47 "-" "PostmanRuntime/7.29.2"

info: ::1 - - [29/Aug/2022:22:31:22 +0000] "GET /api/v1/ HTTP/1.1" 304 - "-" "Mozilla/5.0 (Windows NT 10.0; Win64; x64) AppleWebKit/537.36 (KHTML, like Gecko) Chrome/104.0.0.0 Safari/537.36"

info: ::1 - - [29/Aug/2022:22:31:22 +0000] "GET /favicon.ico HTTP/1.1" 404 47 "-" "Mozilla/5.0 (Windows NT 10.0; Win64; x64) AppleWebKit/537.36 (KHTML, like Gecko) Chrome/104.0.0.0 Safari/537.36"

info: ::1 - - [29/Aug/2022:22:31:35 +0000] "GET /api/v1/login HTTP/1.1" 404 47 "-" "Mozilla/5.0 (Windows NT 10.0; Win64; x64) AppleWebKit/537.36 (KHTML, like Gecko) Chrome/104.0.0.0 Safari/537.36"

info: ::1 - - [29/Aug/2022:22:33:42 +0000] "POST /api/v1/ HTTP/1.1" 404 47 "-" "PostmanRuntime/7.29.2"

info: ::1 - - [29/Aug/2022:22:33:48 +0000] "POST /api/v1 HTTP/1.1" 404 47 "-" "PostmanRuntime/7.29.2"

info: ::1 - - [29/Aug/2022:22:33:56 +0000] "POST /api/v1/login HTTP/1.1" 404 47 "-" "PostmanRuntime/7.29.2"

info: ::1 - - [29/Aug/2022:22:34:07 +0000] "POST /api/v1 HTTP/1.1" 404 47 "-" "PostmanRuntime/7.29.2"

info: ::1 - - [29/Aug/2022:22:34:12 +0000] "GET /api/v1 HTTP/1.1" 200 9 "-" "PostmanRuntime/7.29.2"

info: ::1 - - [29/Aug/2022:22:42:27 +0000] "POST /api/v1/users HTTP/1.1" 500 59 "-" "PostmanRuntime/7.29.2"

info: ::1 - - [29/Aug/2022:22:42:45 +0000] "POST /api/v1/users HTTP/1.1" 500 59 "-" "PostmanRuntime/7.29.2"

info: ::1 - - [29/Aug/2022:22:44:14 +0000] "POST /api/v1/users HTTP/1.1" 500 59 "-" "PostmanRuntime/7.29.2"

info: ::1 - - [29/Aug/2022:22:44:28 +0000] "POST /api/v1/users HTTP/1.1" 500 59 "-" "PostmanRuntime/7.29.2"

info: ::1 - - [29/Aug/2022:22:45:47 +0000] "POST /api/v1/users HTTP/1.1" 500 59 "-" "PostmanRuntime/7.29.2"

info: ::1 - - [29/Aug/2022:22:46:49 +0000] "POST /api/v1/users HTTP/1.1" 500 56 "-" "PostmanRuntime/7.29.2"

info: ::1 - - [29/Aug/2022:22:47:39 +0000] "POST /api/v1/users HTTP/1.1" 500 59 "-" "PostmanRuntime/7.29.2"

info: ::1 - - [29/Aug/2022:22:50:01 +0000] "POST /api/v1/users HTTP/1.1" 500 59 "-" "PostmanRuntime/7.29.2"

info: ::1 - - [29/Aug/2022:22:52:27 +0000] "POST /api/v1/users HTTP/1.1" 500 59 "-" "PostmanRuntime/7.29.2"

info: ::1 - - [29/Aug/2022:22:53:07 +0000] "POST /api/v1/users/login HTTP/1.1" 400 50 "-" "PostmanRuntime/7.29.2"

info: ::1 - - [29/Aug/2022:22:56:55 +0000] "POST /api/v1/users/login HTTP/1.1" 400 50 "-" "PostmanRuntime/7.29.2"

info: ::1 - - [29/Aug/2022:22:57:19 +0000] "POST /api/v1/users/login HTTP/1.1" 400 50 "-" "PostmanRuntime/7.29.2"

info: ::1 - - [29/Aug/2022:22:57:32 +0000] "GET /api/v1/users/login HTTP/1.1" 404 47 "-" "Mozilla/5.0 (Windows NT 10.0; Win64; x64) AppleWebKit/537.36 (KHTML, like Gecko) Chrome/104.0.0.0 Safari/537.36"

info: ::1 - - [29/Aug/2022:22:57:32 +0000] "GET /favicon.ico HTTP/1.1" 404 47 "-" "Mozilla/5.0 (Windows NT 10.0; Win64; x64) AppleWebKit/537.36 (KHTML, like Gecko) Chrome/104.0.0.0 Safari/537.36"

info: ::1 - - [29/Aug/2022:22:57:45 +0000] "GET /favicon.ico HTTP/1.1" 404 47 "-" "Mozilla/5.0 (Windows NT 10.0; Win64; x64) AppleWebKit/537.36 (KHTML, like Gecko) Chrome/104.0.0.0 Safari/537.36"

info: ::1 - - [29/Aug/2022:22:59:49 +0000] "POST /api/v1/users HTTP/1.1" 500 59 "-" "PostmanRuntime/7.29.2"

info: ::1 - - [29/Aug/2022:23:02:12 +0000] "POST /api/v1/users HTTP/1.1" 500 59 "-" "PostmanRuntime/7.29.2"

info: ::1 - - [29/Aug/2022:23:03:35 +0000] "POST /api/v1/users HTTP/1.1" 400 188 "-" "PostmanRuntime/7.29.2"

info: ::1 - - [29/Aug/2022:23:05:04 +0000] "POST /api/v1/users HTTP/1.1" 500 59 "-" "PostmanRuntime/7.29.2"

info: ::1 - - [29/Aug/2022:23:11:28 +0000] "POST /api/v1/users HTTP/1.1" 500 59 "-" "PostmanRuntime/7.29.2"

info: ::1 - - [29/Aug/2022:23:13:00 +0000] "POST /api/v1/users HTTP/1.1" 500 59 "-" "PostmanRuntime/7.29.2"

info: ::1 - - [29/Aug/2022:23:13:03 +0000] "POST /api/v1/users HTTP/1.1" 500 59 "-" "PostmanRuntime/7.29.2"

info: ::1 - - [29/Aug/2022:23:14:36 +0000] "POST /api/v1/users HTTP/1.1" 500 59 "-" "PostmanRuntime/7.29.2"

info: ::1 - - [29/Aug/2022:23:57:20 +0000] "POST /api/v1/users HTTP/1.1" 500 59 "-" "PostmanRuntime/7.29.2"

info: ::1 - - [29/Aug/2022:23:57:30 +0000] "POST /api/v1/users HTTP/1.1" 400 142 "-" "PostmanRuntime/7.29.2"

info: ::1 - - [29/Aug/2022:23:57:59 +0000] "POST /api/v1/users HTTP/1.1" 400 147 "-" "PostmanRuntime/7.29.2"

info: ::1 - - [29/Aug/2022:23:58:13 +0000] "POST /api/v1/user HTTP/1.1" 404 47 "-" "PostmanRuntime/7.29.2"

info: ::1 - - [29/Aug/2022:23:58:25 +0000] "POST /api/v1/users HTTP/1.1" 400 147 "-" "PostmanRuntime/7.29.2"

info: ::1 - - [29/Aug/2022:23:58:40 +0000] "POST /api/v1/users HTTP/1.1" 400 142 "-" "PostmanRuntime/7.29.2"

info: ::1 - - [29/Aug/2022:23:58:51 +0000] "POST /api/v1/users HTTP/1.1" 201 278 "-" "PostmanRuntime/7.29.2"

info: ::1 - - [29/Aug/2022:23:59:23 +0000] "POST /api/v1/users/login HTTP/1.1" 400 62 "-" "PostmanRuntime/7.29.2"

info: ::1 - - [30/Aug/2022:00:03:21 +0000] "POST /api/v1/users/login HTTP/1.1" 200 276 "-" "PostmanRuntime/7.29.2"

info: ::1 - - [30/Aug/2022:00:04:00 +0000] "POST /api/v1/users/forgetPassword HTTP/1.1" 404 40 "-" "PostmanRuntime/7.29.2"

info: ::1 - - [30/Aug/2022:00:04:41 +0000] "POST /api/v1/users/forgetPassword HTTP/1.1" 200 48 "-" "PostmanRuntime/7.29.2"

info: ::1 - - [30/Aug/2022:00:05:16 +0000] "POST /api/v1/users/forgetPassword HTTP/1.1" 200 48 "-" "PostmanRuntime/7.29.2"

info: ::1 - - [30/Aug/2022:00:05:37 +0000] "POST /api/v1/users/token HTTP/1.1" 200 64 "-" "PostmanRuntime/7.29.2"

info: ::1 - - [30/Aug/2022:00:26:18 +0000] "POST /api/v1/books/ HTTP/1.1" 400 73 "-" "PostmanRuntime/7.29.2"

info: ::1 - - [30/Aug/2022:00:28:36 +0000] "POST /api/v1/books/ HTTP/1.1" 400 73 "-" "PostmanRuntime/7.29.2"

info: ::1 - - [30/Aug/2022:00:34:28 +0000] "POST /api/v1/books/ HTTP/1.1" 200 1341 "-" "PostmanRuntime/7.29.2"

info: ::1 - - [30/Aug/2022:00:35:35 +0000] "POST /api/v1/books/ HTTP/1.1" 200 64 "-" "PostmanRuntime/7.29.2"

info: ::1 - - [30/Aug/2022:00:48:32 +0000] "POST /api/v1/books/bookId HTTP/1.1" 400 144 "-" "PostmanRuntime/7.29.2"

info: ::1 - - [30/Aug/2022:00:48:52 +0000] "POST /api/v1/books/6214803b05253301a4fda584 HTTP/1.1" 404 47 "-" "PostmanRuntime/7.29.2"

info: ::1 - - [30/Aug/2022:00:50:06 +0000] "POST /api/v1/books/6214803b05253301a4fda584 HTTP/1.1" 404 47 "-" "PostmanRuntime/7.29.2"

info: ::1 - - [30/Aug/2022:00:50:14 +0000] "POST /api/v1/books/bookId HTTP/1.1" 400 144 "-" "PostmanRuntime/7.29.2"

info: ::1 - - [30/Aug/2022:00:50:59 +0000] "POST /api/v1/books/bookId HTTP/1.1" 400 134 "-" "PostmanRuntime/7.29.2"

info: ::1 - - [30/Aug/2022:01:04:04 +0000] "POST /api/v1/users HTTP/1.1" 400 143 "-" "PostmanRuntime/7.29.2"

info: ::1 - - [30/Aug/2022:01:04:14 +0000] "POST /api/v1/users HTTP/1.1" 400 146 "-" "PostmanRuntime/7.29.2"

info: ::1 - - [30/Aug/2022:01:04:30 +0000] "POST /api/v1/users HTTP/1.1" 201 271 "-" "PostmanRuntime/7.29.2"

info: ::1 - - [30/Aug/2022:01:05:16 +0000] "POST /api/v1/users/login HTTP/1.1" 200 269 "-" "PostmanRuntime/7.29.2"

info: ::1 - - [30/Aug/2022:01:05:39 +0000] "POST /api/v1/books/ HTTP/1.1" 200 64 "-" "PostmanRuntime/7.29.2"

info: ::1 - - [30/Aug/2022:01:08:09 +0000] "GET /api/v1/books/ HTTP/1.1" 200 64 "-" "PostmanRuntime/7.29.2"

info: ::1 - - [30/Aug/2022:01:08:36 +0000] "GET /api/v1/books/ HTTP/1.1" 200 9279 "-" "PostmanRuntime/7.29.2"

info: ::1 - - [30/Aug/2022:01:11:42 +0000] "GET /api/v1/books/6215890d05253301a4fda5d1 HTTP/1.1" 200 365 "-" "PostmanRuntime/7.29.2"

