info: Server started at http://localhost:8000/api/v1/ {"timestamp":"2022-08-29T17:13:33.391Z"}
info: Connected to the database. {"timestamp":"2022-08-29T17:13:36.179Z"}
info: Server started at http://localhost:8000/api/v1/ {"timestamp":"2022-08-29T17:30:04.133Z"}
info: Connected to the database. {"timestamp":"2022-08-29T17:30:06.709Z"}
info: Server started at http://localhost:8000/api/v1/ {"timestamp":"2022-08-29T17:34:44.119Z"}
info: Connected to the database. {"timestamp":"2022-08-29T17:34:46.575Z"}
info: Server started at http://localhost:8000/api/v1/ {"timestamp":"2022-08-29T17:35:52.119Z"}
info: Connected to the database. {"timestamp":"2022-08-29T17:35:54.673Z"}
info: Server started at http://localhost:8000/api/v1/ {"timestamp":"2022-08-29T17:39:23.823Z"}
info: Connected to the database. {"timestamp":"2022-08-29T17:39:26.235Z"}
info: Server started at http://localhost:8000/api/v1/ {"timestamp":"2022-08-29T22:30:40.393Z"}
info: Connected to the database. {"timestamp":"2022-08-29T22:30:42.964Z"}
info: Server started at http://localhost:8000/api/v1/ {"timestamp":"2022-08-29T22:31:58.507Z"}
info: Connected to the database. {"timestamp":"2022-08-29T22:32:01.012Z"}
info: Server started at http://localhost:8000/api/v1/ {"timestamp":"2022-08-29T22:33:20.603Z"}
info: Connected to the database. {"timestamp":"2022-08-29T22:33:20.629Z"}
info: Server started at http://localhost:4000/api/v1/ {"timestamp":"2022-08-29T22:34:59.700Z"}
info: Connected to the database. {"timestamp":"2022-08-29T22:34:59.723Z"}
info: Server started at http://localhost:4000/api/v1/ {"timestamp":"2022-08-29T22:41:01.716Z"}
info: Connected to the database. {"timestamp":"2022-08-29T22:41:01.740Z"}
info: Server started at http://localhost:4000/api/v1/ {"timestamp":"2022-08-29T22:41:09.373Z"}
info: Connected to the database. {"timestamp":"2022-08-29T22:41:09.395Z"}
error: 
    status - 500 
    message - ValidationError: "fullName" is required 
    url - /api/v1/users 
    method - POST 
    IP - ::1
   {"timestamp":"2022-08-29T22:42:27.471Z"}
error: 
    status - 500 
    message - ValidationError: "fullName" is required 
    url - /api/v1/users 
    method - POST 
    IP - ::1
   {"timestamp":"2022-08-29T22:42:45.986Z"}
error: 
    status - 500 
    message - ValidationError: "fullName" is required 
    url - /api/v1/users 
    method - POST 
    IP - ::1
   {"timestamp":"2022-08-29T22:44:14.588Z"}
error: 
    status - 500 
    message - ValidationError: "fullName" is required 
    url - /api/v1/users 
    method - POST 
    IP - ::1
   {"timestamp":"2022-08-29T22:44:28.470Z"}
error: 
    status - 500 
    message - ValidationError: "fullName" is required 
    url - /api/v1/users 
    method - POST 
    IP - ::1
   {"timestamp":"2022-08-29T22:45:47.452Z"}
info: Server started at http://localhost:4000/api/v1/ {"timestamp":"2022-08-29T22:46:32.615Z"}
info: Connected to the database. {"timestamp":"2022-08-29T22:46:32.637Z"}
info: Server started at http://localhost:4000/api/v1/ {"timestamp":"2022-08-29T22:46:44.263Z"}
info: Connected to the database. {"timestamp":"2022-08-29T22:46:44.295Z"}
error: 
    status - 500 
    message - ValidationError: "email" is required 
    url - /api/v1/users 
    method - POST 
    IP - ::1
   {"timestamp":"2022-08-29T22:46:49.669Z"}
info: Server started at http://localhost:4000/api/v1/ {"timestamp":"2022-08-29T22:47:00.680Z"}
info: Connected to the database. {"timestamp":"2022-08-29T22:47:00.707Z"}
info: Server started at http://localhost:4000/api/v1/ {"timestamp":"2022-08-29T22:47:35.836Z"}
info: Connected to the database. {"timestamp":"2022-08-29T22:47:35.903Z"}
error: 
    status - 500 
    message - ValidationError: "fullName" is required 
    url - /api/v1/users 
    method - POST 
    IP - ::1
   {"timestamp":"2022-08-29T22:47:39.751Z"}
info: Server started at http://localhost:4000/api/v1/ {"timestamp":"2022-08-29T22:49:28.221Z"}
info: Connected to the database. {"timestamp":"2022-08-29T22:49:28.246Z"}
info: Server started at http://localhost:4000/api/v1/ {"timestamp":"2022-08-29T22:49:58.242Z"}
info: Connected to the database. {"timestamp":"2022-08-29T22:49:58.263Z"}
error: 
    status - 500 
    message - ValidationError: "fullName" is required 
    url - /api/v1/users 
    method - POST 
    IP - ::1
   {"timestamp":"2022-08-29T22:50:01.293Z"}
info: Server started at http://localhost:4000/api/v1/ {"timestamp":"2022-08-29T22:51:30.871Z"}
info: Connected to the database. {"timestamp":"2022-08-29T22:51:30.894Z"}
info: Server started at http://localhost:4000/api/v1/ {"timestamp":"2022-08-29T22:52:19.620Z"}
info: Connected to the database. {"timestamp":"2022-08-29T22:52:19.660Z"}
error: 
    status - 500 
    message - ValidationError: "fullName" is required 
    url - /api/v1/users 
    method - POST 
    IP - ::1
   {"timestamp":"2022-08-29T22:52:27.050Z"}
info: Server started at http://localhost:4000/api/v1/ {"timestamp":"2022-08-29T22:54:34.425Z"}
info: Connected to the database. {"timestamp":"2022-08-29T22:54:34.449Z"}
info: Server started at http://localhost:4000/api/v1/ {"timestamp":"2022-08-29T22:59:35.616Z"}
info: Connected to the database. {"timestamp":"2022-08-29T22:59:35.639Z"}
error: 
    status - 500 
    message - ValidationError: "fullName" is required 
    url - /api/v1/users 
    method - POST 
    IP - ::1
   {"timestamp":"2022-08-29T22:59:49.241Z"}
info: Server started at http://localhost:4000/api/v1/ {"timestamp":"2022-08-29T23:02:10.081Z"}
info: Connected to the database. {"timestamp":"2022-08-29T23:02:10.109Z"}
error: 
    status - 500 
    message - ValidationError: "fullName" is required 
    url - /api/v1/users 
    method - POST 
    IP - ::1
   {"timestamp":"2022-08-29T23:02:12.312Z"}
info: Server started at http://localhost:4000/api/v1/ {"timestamp":"2022-08-29T23:03:32.208Z"}
info: Connected to the database. {"timestamp":"2022-08-29T23:03:32.232Z"}
info: Server started at http://localhost:4000/api/v1/ {"timestamp":"2022-08-29T23:04:14.432Z"}
info: Connected to the database. {"timestamp":"2022-08-29T23:04:14.466Z"}
info: Server started at http://localhost:4000/api/v1/ {"timestamp":"2022-08-29T23:04:46.950Z"}
info: Connected to the database. {"timestamp":"2022-08-29T23:04:46.977Z"}
info: Server started at http://localhost:4000/api/v1/ {"timestamp":"2022-08-29T23:05:02.481Z"}
info: Connected to the database. {"timestamp":"2022-08-29T23:05:02.501Z"}
error: 
    status - 500 
    message - ValidationError: "fullName" is required 
    url - /api/v1/users 
    method - POST 
    IP - ::1
   {"timestamp":"2022-08-29T23:05:04.455Z"}
error: 
    status - 500 
    message - ValidationError: "fullName" is required 
    url - /api/v1/users 
    method - POST 
    IP - ::1
   {"timestamp":"2022-08-29T23:11:28.117Z"}
info: Server started at http://localhost:4000/api/v1/ {"timestamp":"2022-08-29T23:12:53.804Z"}
info: Connected to the database. {"timestamp":"2022-08-29T23:12:53.844Z"}
error: 
    status - 500 
    message - ValidationError: "fullName" is required 
    url - /api/v1/users 
    method - POST 
    IP - ::1
   {"timestamp":"2022-08-29T23:13:00.037Z"}
error: 
    status - 500 
    message - ValidationError: "fullName" is required 
    url - /api/v1/users 
    method - POST 
    IP - ::1
   {"timestamp":"2022-08-29T23:13:03.984Z"}
info: Server started at http://localhost:4000/api/v1/ {"timestamp":"2022-08-29T23:13:18.115Z"}
info: Connected to the database. {"timestamp":"2022-08-29T23:13:18.145Z"}
info: Server started at http://localhost:4000/api/v1/ {"timestamp":"2022-08-29T23:14:33.004Z"}
info: Connected to the database. {"timestamp":"2022-08-29T23:14:33.055Z"}
error: 
    status - 500 
    message - ValidationError: "fullName" is required 
    url - /api/v1/users 
    method - POST 
    IP - ::1
   {"timestamp":"2022-08-29T23:14:36.747Z"}
info: Server started at http://localhost:4000/api/v1/ {"timestamp":"2022-08-29T23:15:25.477Z"}
info: Connected to the database. {"timestamp":"2022-08-29T23:15:25.508Z"}
error: 
    status - 500 
    message - ValidationError: "fullName" is required 
    url - /api/v1/users 
    method - POST 
    IP - ::1
   {"timestamp":"2022-08-29T23:57:20.883Z"}
info: Server started at http://localhost:4000/api/v1/ {"timestamp":"2022-08-30T00:03:17.222Z"}
info: Connected to the database. {"timestamp":"2022-08-30T00:03:17.249Z"}
info: Server started at http://localhost:4000/api/v1/ {"timestamp":"2022-08-30T00:04:36.700Z"}
info: Connected to the database. {"timestamp":"2022-08-30T00:04:36.728Z"}
info: Connected to the database. {"timestamp":"2022-08-30T00:07:00.537Z"}
info: Connected to the database. {"timestamp":"2022-08-30T00:07:16.842Z"}
info: Connected to the database. {"timestamp":"2022-08-30T00:07:38.974Z"}
info: Server started at http://localhost:4000/api/v1/ {"timestamp":"2022-08-30T00:08:33.934Z"}
info: Connected to the database. {"timestamp":"2022-08-30T00:08:33.973Z"}
info: Server started at http://localhost:4000/api/v1/ {"timestamp":"2022-08-30T00:10:40.313Z"}
info: Connected to the database. {"timestamp":"2022-08-30T00:10:40.339Z"}
info: Server started at http://localhost:4000/api/v1/ {"timestamp":"2022-08-30T00:10:57.498Z"}
info: Connected to the database. {"timestamp":"2022-08-30T00:10:57.526Z"}
info: Server started at http://localhost:4000/api/v1/ {"timestamp":"2022-08-30T00:11:09.623Z"}
info: Connected to the database. {"timestamp":"2022-08-30T00:11:09.656Z"}
info: Server started at http://localhost:4000/api/v1/ {"timestamp":"2022-08-30T00:13:40.286Z"}
info: Connected to the database. {"timestamp":"2022-08-30T00:13:40.308Z"}
info: Server started at http://localhost:4000/api/v1/ {"timestamp":"2022-08-30T00:14:28.579Z"}
info: Connected to the database. {"timestamp":"2022-08-30T00:14:28.603Z"}
info: Server started at http://localhost:4000/api/v1/ {"timestamp":"2022-08-30T00:16:27.160Z"}
info: Connected to the database. {"timestamp":"2022-08-30T00:16:27.181Z"}
info: Server started at http://localhost:4000/api/v1/ {"timestamp":"2022-08-30T00:17:07.819Z"}
info: Connected to the database. {"timestamp":"2022-08-30T00:17:07.855Z"}
info: Server started at http://localhost:4000/api/v1/ {"timestamp":"2022-08-30T00:19:09.181Z"}
info: Connected to the database. {"timestamp":"2022-08-30T00:19:09.204Z"}
info: Server started at http://localhost:4000/api/v1/ {"timestamp":"2022-08-30T00:19:49.814Z"}
info: Connected to the database. {"timestamp":"2022-08-30T00:19:49.844Z"}
info: Server started at http://localhost:4000/api/v1/ {"timestamp":"2022-08-30T00:21:12.750Z"}
info: Connected to the database. {"timestamp":"2022-08-30T00:21:12.773Z"}
info: Server started at http://localhost:4000/api/v1/ {"timestamp":"2022-08-30T00:27:17.068Z"}
info: Connected to the database. {"timestamp":"2022-08-30T00:27:17.089Z"}
info: Server started at http://localhost:4000/api/v1/ {"timestamp":"2022-08-30T00:30:15.816Z"}
info: Connected to the database. {"timestamp":"2022-08-30T00:30:15.834Z"}
info: Server started at http://localhost:4000/api/v1/ {"timestamp":"2022-08-30T00:42:47.764Z"}
info: Connected to the database. {"timestamp":"2022-08-30T00:42:47.784Z"}
info: Server started at http://localhost:4000/api/v1/ {"timestamp":"2022-08-30T00:48:12.574Z"}
info: Connected to the database. {"timestamp":"2022-08-30T00:48:12.594Z"}
info: Server started at http://localhost:4000/api/v1/ {"timestamp":"2022-08-30T00:48:20.162Z"}
info: Connected to the database. {"timestamp":"2022-08-30T00:48:20.182Z"}
info: Server started at http://localhost:4000/api/v1/ {"timestamp":"2022-08-30T00:49:37.198Z"}
info: Connected to the database. {"timestamp":"2022-08-30T00:49:37.220Z"}
info: Server started at http://localhost:4000/api/v1/ {"timestamp":"2022-08-30T00:50:00.213Z"}
info: Connected to the database. {"timestamp":"2022-08-30T00:50:00.233Z"}
info: Server started at http://localhost:4000/api/v1/ {"timestamp":"2022-08-30T00:50:55.069Z"}
info: Connected to the database. {"timestamp":"2022-08-30T00:50:55.086Z"}
info: Server started at http://localhost:4000/api/v1/ {"timestamp":"2022-08-30T01:07:20.281Z"}
info: Connected to the database. {"timestamp":"2022-08-30T01:07:20.304Z"}
info: Server started at http://localhost:4000/api/v1/ {"timestamp":"2022-08-30T01:07:32.454Z"}
info: Connected to the database. {"timestamp":"2022-08-30T01:07:32.483Z"}
info: Server started at http://localhost:4000/api/v1/ {"timestamp":"2022-08-30T01:08:26.734Z"}
info: Connected to the database. {"timestamp":"2022-08-30T01:08:26.761Z"}
info: Server started at http://localhost:4000/api/v1/ {"timestamp":"2022-08-30T01:08:34.678Z"}
info: Connected to the database. {"timestamp":"2022-08-30T01:08:34.699Z"}
info: Server started at http://localhost:4000/api/v1/ {"timestamp":"2022-08-30T01:09:03.830Z"}
info: Connected to the database. {"timestamp":"2022-08-30T01:09:03.850Z"}
info: Server started at http://localhost:4000/api/v1/ {"timestamp":"2022-08-30T01:10:09.851Z"}
info: Connected to the database. {"timestamp":"2022-08-30T01:10:09.874Z"}
info: Server started at http://localhost:4000/api/v1/ {"timestamp":"2022-08-30T01:10:23.959Z"}
info: Connected to the database. {"timestamp":"2022-08-30T01:10:23.980Z"}
info: Server started at http://localhost:4000/api/v1/ {"timestamp":"2022-08-30T01:11:09.769Z"}
info: Connected to the database. {"timestamp":"2022-08-30T01:11:09.790Z"}
info: Server started at http://localhost:4000/api/v1/ {"timestamp":"2022-08-30T08:01:27.508Z"}
info: Connected to the database. {"timestamp":"2022-08-30T08:01:27.548Z"}
info: Server started at http://localhost:4000/api/v1/ {"timestamp":"2022-08-30T08:02:57.051Z"}
info: Connected to the database. {"timestamp":"2022-08-30T08:02:57.082Z"}
info: Server started at http://localhost:4000/api/v1/ {"timestamp":"2022-08-30T08:03:14.382Z"}
info: Connected to the database. {"timestamp":"2022-08-30T08:03:14.414Z"}
info: Server started at http://localhost:4000/api/v1/ {"timestamp":"2022-08-30T08:13:46.808Z"}
info: Connected to the database. {"timestamp":"2022-08-30T08:13:46.831Z"}
info: Server started at http://localhost:4000/api/v1/ {"timestamp":"2022-08-30T08:14:07.306Z"}
info: Connected to the database. {"timestamp":"2022-08-30T08:14:07.341Z"}
info: Connected to the database. {"timestamp":"2022-08-30T08:14:42.960Z"}
info: Connected to the database. {"timestamp":"2022-08-30T08:15:17.534Z"}
info: Connected to the database. {"timestamp":"2022-08-30T08:15:38.161Z"}
info: Server started at http://localhost:4000/api/v1/ {"timestamp":"2022-08-30T08:18:57.206Z"}
info: Connected to the database. {"timestamp":"2022-08-30T08:18:57.233Z"}
info: Server started at http://localhost:4000/api/v1/ {"timestamp":"2022-08-30T08:21:08.030Z"}
info: Connected to the database. {"timestamp":"2022-08-30T08:21:08.054Z"}
info: Server started at http://localhost:4000/api/v1/ {"timestamp":"2022-08-30T08:21:24.064Z"}
info: Connected to the database. {"timestamp":"2022-08-30T08:21:24.090Z"}
info: Server started at http://localhost:4000/api/v1/ {"timestamp":"2022-08-30T08:27:25.934Z"}
info: Connected to the database. {"timestamp":"2022-08-30T08:27:25.981Z"}
